1481529680932	geckodriver	INFO	Listening on 127.0.0.1:10053
1481529684454	mozprofile::profile	INFO	Using profile path C:\Users\new\AppData\Local\Temp\rust_mozprofile.40lIE320mEDq
1481529684480	geckodriver::marionette	INFO	Starting browser D:\Program Files (x86)\Mozilla Firefox\firefox.exe
1481529684794	geckodriver::marionette	INFO	Connecting to Marionette on localhost:10063
1481529692292	Marionette	INFO	Listening on port 10063
[Child 9092] WARNING: pipe error: 109: file c:/builds/moz2_slave/m-rel-w32-00000000000000000000/build/src/ipc/chromium/src/chrome/common/ipc_channel_win.cc, line 346
1481530032231	geckodriver	INFO	Listening on 127.0.0.1:10174
1481530035389	mozprofile::profile	INFO	Using profile path C:\Users\new\AppData\Local\Temp\rust_mozprofile.EIZzmqBthdUw
1481530035420	geckodriver::marionette	INFO	Starting browser D:\Program Files (x86)\Mozilla Firefox\firefox.exe
1481530035694	geckodriver::marionette	INFO	Connecting to Marionette on localhost:10182
1481530044885	Marionette	INFO	Listening on port 10182
1481530066802	geckodriver	INFO	Listening on 127.0.0.1:10216
1481530069756	mozprofile::profile	INFO	Using profile path C:\Users\new\AppData\Local\Temp\rust_mozprofile.gLzl6wQcIovj
1481530069817	geckodriver::marionette	INFO	Starting browser D:\Program Files (x86)\Mozilla Firefox\firefox.exe
1481530070193	geckodriver::marionette	INFO	Connecting to Marionette on localhost:10229
1481530078811	Marionette	INFO	Listening on port 10229
[Child 9260] ###!!! ABORT: Aborting on channel error.: file c:/builds/moz2_slave/m-rel-w32-00000000000000000000/build/src/ipc/glue/MessageChannel.cpp, line 2056
1481704285188	geckodriver	INFO	Listening on 127.0.0.1:8116
1481704286533	mozprofile::profile	INFO	Using profile path C:\Users\new\AppData\Local\Temp\rust_mozprofile.QxDt9lek5CWo
1481704286559	geckodriver::marionette	INFO	Starting browser D:\Program Files (x86)\Mozilla Firefox\firefox.exe
1481704286876	geckodriver::marionette	INFO	Connecting to Marionette on localhost:8122
1481704294826	Marionette	INFO	Listening on port 8122
1481704381342	addons.productaddons	WARN	Failed downloading via XHR, status: 0, reason: error
1481704381366	addons.productaddons	WARN	Failed downloading via XHR, status: 0, reason: error
1481704381405	addons.productaddons	WARN	Failed downloading via XHR, status: 0, reason: error
ox.exe
1481704314139	geckodriver::marionette	INFO	Connecting to Marionette on localhost:8164
1481704321825	Marionette	INFO	Listening on port 8164
[Child 2744] ###!!! ABORT: Aborting on channel error.: file c:/builds/moz2_slave/m-rel-w32-00000000000000000000/build/src/ipc/glue/MessageChannel.cpp, line 2056
1482288370761	geckodriver	INFO	Listening on 127.0.0.1:4201
1482288371946	mozprofile::profile	INFO	Using profile path C:\Users\new\AppData\Local\Temp\rust_mozprofile.ZgE4UVMd1ikB
1482288371973	geckodriver::marionette	INFO	Starting browser D:\Program Files (x86)\Mozilla Firefox\firefox.exe
1482288372163	geckodriver::marionette	INFO	Connecting to Marionette on localhost:4208
1482288378248	Marionette	INFO	Listening on port 4208
JavaScript error: , line 0: Error: Permission denied to access property "href"
JavaScript error: , line 0: Error: Permission denied to access property "href"
[Child 1924] ###!!! ABORT: Aborting on channel error.: file c:/builds/moz2_slave/m-rel-w32-00000000000000000000/build/src/ipc/glue/MessageChannel.cpp, line 2056
[NPAPI 5896] ###!!! ABORT: Aborting on channel error.: file c:/builds/moz2_slave/m-rel-w32-00000000000000000000/build/src/ipc/glue/MessageChannel.cpp, line 2056
1482288479516	geckodriver	INFO	Listening on 127.0.0.1:4383
1482288480720	mozprofile::profile	INFO	Using profile path C:\Users\new\AppData\Local\Temp\rust_mozprofile.Ae6YpNRPk5ks
1482288480745	geckodriver::marionette	INFO	Starting browser D:\Program Files (x86)\Mozilla Firefox\firefox.exe
1482288480956	geckodriver::marionette	INFO	Connecting to Marionette on localhost:4391
1482288487215	Marionette	INFO	Listening on port 4391
JavaScript error: , line 0: Error: Permission denied to access property "href"
JavaScript error: , line 0: Error: Permission denied to access property "href"
1482288563925	addons.productaddons	WARN	Failed downloading via XHR, status: 0, reason: error
1482288563981	addons.productaddons	WARN	Failed downloading via XHR, status: 0, reason: error
1482288563998	addons.productaddons	WARN	Failed downloading via XHR, status: 0, reason: error
[Child 10420] WARNING: pipe error: 109: file c:/builds/moz2_slave/m-rel-w32-00000000000000000000/build/src/ipc/chromium/src/chrome/common/ipc_channel_win.cc, line 346
[Child 10420] WARNING: pipe error: 109: file c:/builds/moz2_slave/m-rel-w32-00000000000000000000/build/src/ipc/chromium/src/chrome/common/ipc_channel_win.cc, line 346
[NPAPI 10400] WARNING: pipe error: 109: file c:/builds/moz2_slave/m-rel-w32-00000000000000000000/build/src/ipc/chromium/src/chrome/common/ipc_channel_win.cc, line 346
1482288650882	geckodriver	INFO	Listening on 127.0.0.1:4621
1482288652214	mozprofile::profile	INFO	Using profile path C:\Users\new\AppData\Local\Temp\rust_mozprofile.Ea4tLV7RY0ne
1482288652241	geckodriver::marionette	INFO	Starting browser D:\Program Files (x86)\Mozilla Firefox\firefox.exe
1482288652468	geckodriver::marionette	INFO	Connecting to Marionette on localhost:4627
1482288658723	Marionette	INFO	Listening on port 4627
JavaScript error: https://g.alicdn.com/kissy/k/1.4.2/seed-min.js, line 51: TypeError: i is null
JavaScript error: https://g.alicdn.com/tb/login/0.4.7/weibo/login/login.js, line 1: TypeError: KISSY.add is not a function
JavaScript error: https://login.taobao.com/member/login.jhtml?from=wbfast&style=wbfast&goto=http%3A%2F%2Fweibo.com%2Fa%2Fbind%2Flogin%3Fentry%3Dtaobao%26sid%3D131656e5c45530e96e86c3a3fbb03e46, line 154: TypeError: S.getScript is not a function
JavaScript error: , line 0: Error: Permission denied to access property "href"
JavaScript error: , line 0: Error: Permission denied to access property "href"
1482288951869	addons.productaddons	WARN	Failed downloading via XHR, status: 0, reason: error
1482288951975	addons.productaddons	WARN	Failed downloading via XHR, status: 0, reason: error
1482288952032	addons.productaddons	WARN	Failed downloading via XHR, status: 0, reason: error
[Child 10952] WARNING: pipe error: 232: file c:/builds/moz2_slave/m-rel-w32-00000000000000000000/build/src/ipc/chromium/src/chrome/common/ipc_channel_win.cc, line 513
[Child 10952] WARNING: pipe error: 109: file c:/builds/moz2_slave/m-rel-w32-00000000000000000000/build/src/ipc/chromium/src/chrome/common/ipc_channel_win.cc, line 346
[Child 10952] WARNING: pipe error: 109: file c:/builds/moz2_slave/m-rel-w32-00000000000000000000/build/src/ipc/chromium/src/chrome/common/ipc_channel_win.cc, line 346
ermission denied to access property "href"
JavaScript error: https://g.alicdn.com/kissy/k/1.4.2/seed-min.js, line 51: TypeError: i is null
JavaScript error: https://g.alicdn.com/tb/login/0.4.7/weibo/login/login.js, line 1: TypeError: KISSY.add is not a function
JavaScript error: https://login.taobao.com/member/login.jhtml?from=wbfast&style=wbfast&goto=http%3A%2F%2Fweibo.com%2Fa%2Fbind%2Flogin%3Fentry%3Dtaobao%26sid%3Dd7a083e4bee7aee99d47c76575acf430, line 154: TypeError: S.getScript is not a function
JavaScript error: https://login.taobao.com/member/login.jhtml?from=wbfast&style=wbfast&goto=http%3A%2F%2Fweibo.com%2Fa%2Fbind%2Flogin%3Fentry%3Dtaobao%26sid%3Dd7a083e4bee7aee99d47c76575acf430, line 3: TypeError: a.ready is not a function
JavaScript error: https://g.alicdn.com/kissy/k/1.4.2/seed-min.js, line 51: TypeError: i is null
JavaScript error: https://g.alicdn.com/tb/login/0.4.7/weibo/login/login.js, line 1: TypeError: KISSY.add is not a function
JavaScript error: https://login.taobao.com/member/login.jhtml?from=wbfast&style=wbfast&goto=http%3A%2F%2Fweibo.com%2Fa%2Fbind%2Flogin%3Fentry%3Dtaobao%26sid%3Dd7a083e4bee7aee99d47c76575acf430, line 154: TypeError: S.getScript is not a function
JavaScript error: https://login.taobao.com/member/login.jhtml?from=wbfast&style=wbfast&goto=http%3A%2F%2Fweibo.com%2Fa%2Fbind%2Flogin%3Fentry%3Dtaobao%26sid%3Dd7a083e4bee7aee99d47c76575acf430, line 3: TypeError: a.ready is not a function

###!!! [Child][MessageChannel] Error: (msgtype=0x4A00C2,name=PContent::Msg_ConsoleMessage) Channel closing: too late to send/recv, messages will be lost

[Child 11384] WARNING: pipe error: 109: file c:/builds/moz2_slave/m-rel-w32-00000000000000000000/build/src/ipc/chromium/src/chrome/common/ipc_channel_win.cc, line 346
1497251448574	geckodriver	INFO	Listening on 127.0.0.1:10853
1497251450749	mozprofile::profile	INFO	Using profile path C:\Users\new\AppData\Local\Temp\rust_mozprofile.UZnQIgeaLSAD
1497251450816	geckodriver::marionette	INFO	Starting browser D:\Program Files (x86)\Mozilla Firefox\firefox.exe
1497251451286	geckodriver::marionette	INFO	Connecting to Marionette on localhost:10861
1497251615222	geckodriver	INFO	Listening on 127.0.0.1:11019
1497251617208	mozprofile::profile	INFO	Using profile path C:\Users\new\AppData\Local\Temp\rust_mozprofile.ouKLRJdMQBSB
1497251617271	geckodriver::marionette	INFO	Starting browser D:\Program Files (x86)\Mozilla Firefox\firefox.exe
1497251617625	geckodriver::marionette	INFO	Connecting to Marionette on localhost:11025
1497251647152	Marionette	INFO	Listening on port 11025
[GPU 13256] WARNING: pipe error: 109: file c:/builds/moz2_slave/m-rel-w32-00000000000000000000/build/src/ipc/chromium/src/chrome/common/ipc_channel_win.cc, line 346
1497251677068	Marionette	INFO	New connections will no longer be accepted
1497256241510	geckodriver	INFO	Listening on 127.0.0.1:14487
1497256243492	mozprofile::profile	INFO	Using profile path C:\Users\new\AppData\Local\Temp\rust_mozprofile.GGGm7I4hwx9o
1497256243567	geckodriver::marionette	INFO	Starting browser D:\Program Files (x86)\Mozilla Firefox\firefox.exe
1497256244026	geckodriver::marionette	INFO	Connecting to Marionette on localhost:14494
1497256278329	Marionette	INFO	Listening on port 14494
[GPU 13896] WARNING: pipe error: 109: file c:/builds/moz2_slave/m-rel-w32-00000000000000000000/build/src/ipc/chromium/src/chrome/common/ipc_channel_win.cc, line 346
[GPU 13896] WARNING: pipe error: 109: file c:/builds/moz2_slave/m-rel-w32-00000000000000000000/build/src/ipc/chromium/src/chrome/common/ipc_channel_win.cc, line 346
1497256369395	addons.productaddons	WARN	Failed downloading via XHR, status: 0, reason: error
IPDL protocol error: Handler returned error code!

###!!! [Parent][DispatchAsyncMessage] Error: PLayerTransaction::Msg_ReleaseLayer Processing error: message was deserialized, but the handler returned false (indicating failure)

[Child 11324] WARNING: pipe error: 109: file c:/builds/moz2_slave/m-rel-w32-00000000000000000000/build/src/ipc/chromium/src/chrome/common/ipc_channel_win.cc, line 346
[Child 11324] WARNING: pipe error: 109: file c:/builds/moz2_slave/m-rel-w32-00000000000000000000/build/src/ipc/chromium/src/chrome/common/ipc_channel_win.cc, line 346

###!!! [Child][MessageChannel::SendAndWait] Error: Channel error: cannot send/recv

1497256381661	geckodriver	INFO	Listening on 127.0.0.1:14678
1497256383620	mozprofile::profile	INFO	Using profile path C:\Users\new\AppData\Local\Temp\rust_mozprofile.A3Ild5Vvrqa8
1497256383686	geckodriver::marionette	INFO	Starting browser D:\Program Files (x86)\Mozilla Firefox\firefox.exe
1497256383981	geckodriver::marionette	INFO	Connecting to Marionette on localhost:14684
1497256410566	Marionette	INFO	Listening on port 14684
[Child 13584] WARNING: pipe error: 109: file c:/builds/moz2_slave/m-rel-w32-00000000000000000000/build/src/ipc/chromium/src/chrome/common/ipc_channel_win.cc, line 346
[Child 13584] WARNING: pipe error: 109: file c:/builds/moz2_slave/m-rel-w32-00000000000000000000/build/src/ipc/chromium/src/chrome/common/ipc_channel_win.cc, line 346

###!!! [Child][MessageChannel::SendAndWait] Error: Channel error: cannot send/recv

1497509495609	geckodriver	INFO	Listening on 127.0.0.1:6409
1497509497697	mozprofile::profile	INFO	Using profile path C:\Users\new\AppData\Local\Temp\rust_mozprofile.NbOgj2Azt7gr
1497509497757	geckodriver::marionette	INFO	Starting browser D:\Program Files (x86)\Mozilla Firefox\firefox.exe
1497509498337	geckodriver::marionette	INFO	Connecting to Marionette on localhost:6415
1497511080892	geckodriver	INFO	Listening on 127.0.0.1:7836
1497511082592	mozprofile::profile	INFO	Using profile path C:\Users\new\AppData\Local\Temp\rust_mozprofile.PwmSRmtwLNMo
1497511082663	geckodriver::marionette	INFO	Starting browser D:\Program Files (x86)\Mozilla Firefox\firefox.exe
1497511083397	geckodriver::marionette	INFO	Connecting to Marionette on localhost:7844
1497511131458	Marionette	INFO	Listening on port 7844
[GPU 12940] WARNING: pipe error: 109: file c:/builds/moz2_slave/m-rel-w32-00000000000000000000/build/src/ipc/chromium/src/chrome/common/ipc_channel_win.cc, line 346
1497511135960	Marionette	WARN	Using deprecated data structure for setting timeouts
[GPU 12940] WARNING: pipe error: 109: file c:/builds/moz2_slave/m-rel-w32-00000000000000000000/build/src/ipc/chromium/src/chrome/common/ipc_channel_win.cc, line 346
[GPU 12940] WARNING: pipe error: 109: file c:/builds/moz2_slave/m-rel-w32-00000000000000000000/build/src/ipc/chromium/src/chrome/common/ipc_channel_win.cc, line 346
[Child 13168] WARNING: pipe error: 109: file c:/builds/moz2_slave/m-rel-w32-00000000000000000000/build/src/ipc/chromium/src/chrome/common/ipc_channel_win.cc, line 346
[NPAPI 12600] WARNING: pipe error: 109: file c:/builds/moz2_slave/m-rel-w32-00000000000000000000/build/src/ipc/chromium/src/chrome/common/ipc_channel_win.cc, line 346
[Parent][DispatchAsyncMessage] Error: PLayerTransaction::Msg_ReleaseLayer Processing error: message was deserialized, but the handler returned false (indicating failure)

[GPU 13160] WARNING: pipe error: 109: file c:/builds/moz2_slave/m-rel-w32-00000000000000000000/build/src/ipc/chromium/src/chrome/common/ipc_channel_win.cc, line 346
1497511259669	Marionette	INFO	Listening on port 8041
1497511266675	Marionette	WARN	Using deprecated data structure for setting timeouts
[GPU 13160] WARNING: pipe error: 109: file c:/builds/moz2_slave/m-rel-w32-00000000000000000000/build/src/ipc/chromium/src/chrome/common/ipc_channel_win.cc, line 346
*************************
A coding exception was thrown and uncaught in a Task.

Full message: TypeError: can't access dead object
Full stack: find_@chrome://marionette/content/element.js:290:7
element.find/</findElements<@chrome://marionette/content/element.js:256:17
evalFn@chrome://marionette/content/wait.js:70:7

*************************
*************************
A coding exception was thrown and uncaught in a Task.

Full message: TypeError: can't access dead object
Full stack: find_@chrome://marionette/content/element.js:290:7
element.find/</findElements<@chrome://marionette/content/element.js:256:17
evalFn@chrome://marionette/content/wait.js:70:7

*************************
Marionette threw an error: [Exception... "Component returned failure code: 0x80070057 (NS_ERROR_ILLEGAL_VALUE) [nsIMessageSender.sendAsyncMessage]"  nsresult: "0x80070057 (NS_ERROR_ILLEGAL_VALUE)"  location: "JS frame :: chrome://marionette/content/proxy.js :: sendReply_ :: line 195"  data: no]
sendReply_@chrome://marionette/content/proxy.js:195:5
reply@chrome://marionette/content/proxy.js:175:7
sendToServer@chrome://marionette/content/listener.js:616:3
sendError@chrome://marionette/content/listener.js:650:3
dispatch/</<@chrome://marionette/content/listener.js:379:40
process@resource://gre/modules/Promise.jsm -> resource://gre/modules/Promise-backend.js:920:21
walkerLoop@resource://gre/modules/Promise.jsm -> resource://gre/modules/Promise-backend.js:801:7
scheduleWalkerLoop/<@resource://gre/modules/Promise.jsm -> resource://gre/modules/Promise-backend.js:737:11

[GPU 13160] WARNING: pipe error: 109: file c:/builds/moz2_slave/m-rel-w32-00000000000000000000/build/src/ipc/chromium/src/chrome/common/ipc_channel_win.cc, line 346
1497511896482	geckodriver	INFO	Listening on 127.0.0.1:8830
1497511898828	mozprofile::profile	INFO	Using profile path C:\Users\new\AppData\Local\Temp\rust_mozprofile.iEBZyJV1wjil
1497511898907	geckodriver::marionette	INFO	Starting browser D:\Program Files (x86)\Mozilla Firefox\firefox.exe
1497511899662	geckodriver::marionette	INFO	Connecting to Marionette on localhost:8836
1497511939552	Marionette	INFO	Listening on port 8836
1497511944745	Marionette	WARN	Using deprecated data structure for setting timeouts
[GPU 12644] WARNING: pipe error: 109: file c:/builds/moz2_slave/m-rel-w32-00000000000000000000/build/src/ipc/chromium/src/chrome/common/ipc_channel_win.cc, line 346

###!!! [Child][MessageChannel::SendAndWait] Error: Channel error: cannot send/recv

 (x86)\Mozilla Firefox\firefox.exe
1497512649723	geckodriver::marionette	INFO	Connecting to Marionette on localhost:9469
IPDL protocol error: Handler returned error code!

###!!! [Parent][DispatchAsyncMessage] Error: PLayerTransaction::Msg_ReleaseLayer Processing error: message was deserialized, but the handler returned false (indicating failure)

IPDL protocol error: Handler returned error code!

###!!! [Parent][DispatchAsyncMessage] Error: PLayerTransaction::Msg_ReleaseLayer Processing error: message was deserialized, but the handler returned false (indicating failure)

[GPU 11788] WARNING: pipe error: 109: file c:/builds/moz2_slave/m-rel-w32-00000000000000000000/build/src/ipc/chromium/src/chrome/common/ipc_channel_win.cc, line 346
1497512692254	Marionette	INFO	Listening on port 9469
1497512696573	Marionette	WARN	Using deprecated data structure for setting timeouts
[GPU 11788] WARNING: pipe error: 109: file c:/builds/moz2_slave/m-rel-w32-00000000000000000000/build/src/ipc/chromium/src/chrome/common/ipc_channel_win.cc, line 346
[GPU 11788] WARNING: pipe error: 109: file c:/builds/moz2_slave/m-rel-w32-00000000000000000000/build/src/ipc/chromium/src/chrome/common/ipc_channel_win.cc, line 346
[Child 11904] WARNING: pipe error: 109: file c:/builds/moz2_slave/m-rel-w32-00000000000000000000/build/src/ipc/chromium/src/chrome/common/ipc_channel_win.cc, line 346
[Child 11904] WARNING: pipe error: 109: file c:/builds/moz2_slave/m-rel-w32-00000000000000000000/build/src/ipc/chromium/src/chrome/common/ipc_channel_win.cc, line 346

###!!! [Child][MessageChannel::SendAndWait] Error: Channel error: cannot send/recv

1497514862086	geckodriver	INFO	Listening on 127.0.0.1:10758
1497514864046	mozprofile::profile	INFO	Using profile path C:\Users\new\AppData\Local\Temp\rust_mozprofile.4SP5X0lzZhxK
1497514864360	geckodriver::marionette	INFO	Starting browser D:\Program Files (x86)\Mozilla Firefox\firefox.exe
1497514865437	geckodriver::marionette	INFO	Connecting to Marionette on localhost:10764
[Child 10544] WARNING: pipe error: 109: file c:/builds/moz2_slave/m-rel-w32-00000000000000000000/build/src/ipc/chromium/src/chrome/common/ipc_channel_win.cc, line 346
1497514908620	Marionette	INFO	Listening on port 10764
1497514922062	Marionette	WARN	Using deprecated data structure for setting timeouts
IPDL protocol error: Handler returned error code!

###!!! [Parent][DispatchAsyncMessage] Error: PLayerTransaction::Msg_ReleaseLayer Processing error: message was deserialized, but the handler returned false (indicating failure)

[Child 9424] WARNING: pipe error: 109: file c:/builds/moz2_slave/m-rel-w32-00000000000000000000/build/src/ipc/chromium/src/chrome/common/ipc_channel_win.cc, line 346
